[I 2026-06-17 07:38:34,377] A new study created in memory with name: no-name-0d971b91-bf8d-4094-877c-d6b3354f7a99
Info    :  - Label 'Shapes/Open CASCADE STEP translator 7.8 1/8/Open CASCADE STEP translator 7.8 1.1/1/Open CASCADE STEP translator 7.8 1.1.1' (3D)
Info    :  - Label 'Shapes/Open CASCADE STEP translator 7.8 1/8/Open CASCADE STEP translator 7.8 1.1/2/Open CASCADE STEP translator 7.8 1.1.2' (3D)
Info    :  - Label 'Shapes/Open CASCADE STEP translator 7.8 1/8/Open CASCADE STEP translator 7.8 1.1/3/Open CASCADE STEP translator 7.8 1.1.3' (3D)
Info    :  - Label 'Shapes/Open CASCADE STEP translator 7.8 1/8/Open CASCADE STEP translator 7.8 1.1/4/Open CASCADE STEP translator 7.8 1.1.4' (3D)
Info    :  - Label 'Shapes/Open CASCADE STEP translator 7.8 1/8/Open CASCADE STEP translator 7.8 1.1/5/Open CASCADE STEP translator 7.8 1.1.5' (3D)
Info    :  - Label 'Shapes/Open CASCADE STEP translator 7.8 1/8/Open CASCADE STEP translator 7.8 1.1/6/Open CASCADE STEP translator 7.8 1.1.6' (3D)
Info    :  - Label 'Shapes/Open CASCADE STEP translator 7.8 1/8/Open CASCADE STEP translator 7.8 1.1/7/Open CASCADE STEP translator 7.8 1.1.7' (3D)
Info    :  - Label 'Shapes/Open CASCADE STEP translator 7.8 1.1/1/Open CASCADE STEP translator 7.8 1.1.1' (3D)
Info    :  - Label 'Shapes/Open CASCADE STEP translator 7.8 1.1/2/Open CASCADE STEP translator 7.8 1.1.2' (3D)
Info    :  - Label 'Shapes/Open CASCADE STEP translator 7.8 1.1/3/Open CASCADE STEP translator 7.8 1.1.3' (3D)
Info    :  - Label 'Shapes/Open CASCADE STEP translator 7.8 1.1/4/Open CASCADE STEP translator 7.8 1.1.4' (3D)
Info    :  - Label 'Shapes/Open CASCADE STEP translator 7.8 1.1/5/Open CASCADE STEP translator 7.8 1.1.5' (3D)
Info    :  - Label 'Shapes/Open CASCADE STEP translator 7.8 1.1/6/Open CASCADE STEP translator 7.8 1.1.6' (3D)
Info    :  - Label 'Shapes/Open CASCADE STEP translator 7.8 1.1/7/Open CASCADE STEP translator 7.8 1.1.7' (3D)
Info    : Meshing 1D...
Info    : [  0%] Meshing curve 1 (Circle)
Info    : [ 10%] Meshing curve 2 (Line)
Info    : [ 10%] Meshing curve 3 (Circle)
Info    : [ 10%] Meshing curve 4 (Circle)
Info    : [ 10%] Meshing curve 5 (Line)
Info    : [ 10%] Meshing curve 6 (Circle)
Info    : [ 10%] Meshing curve 7 (Circle)
Info    : [ 10%] Meshing curve 8 (Line)
Info    : [ 10%] Meshing curve 9 (Circle)
Info    : [ 10%] Meshing curve 10 (Circle)
Info    : [ 10%] Meshing curve 11 (Line)
Info    : [ 10%] Meshing curve 12 (Circle)
Info    : [ 10%] Meshing curve 13 (Line)
Info    : [ 10%] Meshing curve 14 (Line)
Info    : [ 10%] Meshing curve 15 (Line)
Info    : [ 10%] Meshing curve 16 (Line)
Info    : [ 10%] Meshing curve 17 (Circle)
Info    : [ 10%] Meshing curve 18 (Line)
Info    : [ 10%] Meshing curve 19 (Circle)
Info    : [ 10%] Meshing curve 20 (Circle)
Info    : [ 10%] Meshing curve 21 (Circle)
Info    : [ 10%] Meshing curve 22 (Circle)
Info    : [ 10%] Meshing curve 23 (Line)
Info    : [ 10%] Meshing curve 24 (Line)
Info    : [ 10%] Meshing curve 25 (Line)
Info    : [ 10%] Meshing curve 26 (Line)
Info    : [ 10%] Meshing curve 27 (Line)
Info    : [ 10%] Meshing curve 28 (Line)
Info    : [ 10%] Meshing curve 29 (Line)
Info    : [ 10%] Meshing curve 30 (Line)
Info    : [ 10%] Meshing curve 31 (Line)
Info    : [ 10%] Meshing curve 32 (Line)
Info    : [ 10%] Meshing curve 33 (Circle)
Info    : [ 10%] Meshing curve 34 (Line)
Info    : [ 10%] Meshing curve 35 (Circle)
Info    : [ 10%] Meshing curve 36 (Circle)
Info    : [ 10%] Meshing curve 37 (Line)
Info    : [ 10%] Meshing curve 38 (Line)
Info    : [ 10%] Meshing curve 39 (Line)
Info    : [ 10%] Meshing curve 40 (Line)
Info    : [ 10%] Meshing curve 41 (Line)
Info    : [ 10%] Meshing curve 42 (Line)
Info    : [ 10%] Meshing curve 43 (Line)
Info    : [ 10%] Meshing curve 44 (Line)
Info    : [ 10%] Meshing curve 45 (Line)
Info    : [ 10%] Meshing curve 46 (Line)
Info    : [ 10%] Meshing curve 47 (Line)
Info    : [ 10%] Meshing curve 48 (Line)
Info    : [ 10%] Meshing curve 49 (Circle)
Info    : [ 10%] Meshing curve 50 (Line)
Info    : [ 10%] Meshing curve 51 (Circle)
Info    : [ 10%] Meshing curve 52 (Line)
Info    : [ 10%] Meshing curve 53 (Circle)
Info    : [ 10%] Meshing curve 54 (Line)
Info    : [ 10%] Meshing curve 55 (Circle)
Info    : [ 10%] Meshing curve 56 (Circle)
Info    : [ 10%] Meshing curve 57 (Circle)
Info    : [ 10%] Meshing curve 58 (Circle)
Info    : [ 10%] Meshing curve 59 (Circle)
Info    : [ 10%] Meshing curve 60 (Circle)
Info    : [ 10%] Meshing curve 61 (Line)
Info    : [ 10%] Meshing curve 62 (Line)
Info    : [ 10%] Meshing curve 63 (Line)
Info    : [ 10%] Meshing curve 64 (Circle)
Info    : [ 10%] Meshing curve 65 (Circle)
Info    : [ 10%] Meshing curve 66 (Circle)
Info    : [ 10%] Meshing curve 67 (Circle)
Info    : [ 10%] Meshing curve 68 (Line)
Info    : [ 10%] Meshing curve 69 (Circle)
Info    : [ 10%] Meshing curve 70 (Circle)
Info    : [ 10%] Meshing curve 71 (Circle)
Info    : [ 10%] Meshing curve 72 (Circle)
Info    : [ 20%] Meshing curve 73 (Line)
Info    : [ 20%] Meshing curve 74 (Circle)
Info    : [ 20%] Meshing curve 75 (Ellipse)
Info    : [ 20%] Meshing curve 76 (Ellipse)
Info    : [ 20%] Meshing curve 77 (Line)
Info    : [ 20%] Meshing curve 78 (Circle)
Info    : [ 20%] Meshing curve 79 (Line)
Info    : [ 20%] Meshing curve 80 (Circle)
Info    : [ 20%] Meshing curve 81 (Line)
Info    : [ 20%] Meshing curve 82 (Circle)
Info    : [ 20%] Meshing curve 83 (Line)
Info    : [ 20%] Meshing curve 84 (Circle)
Info    : [ 20%] Meshing curve 85 (Line)
Info    : [ 20%] Meshing curve 86 (Line)
Info    : [ 20%] Meshing curve 87 (Line)
Info    : [ 20%] Meshing curve 88 (Line)
Info    : [ 20%] Meshing curve 89 (Line)
Info    : [ 20%] Meshing curve 90 (Ellipse)
Info    : [ 20%] Meshing curve 91 (Line)
Info    : [ 20%] Meshing curve 92 (Ellipse)
Info    : [ 20%] Meshing curve 93 (Ellipse)
Info    : [ 20%] Meshing curve 94 (Ellipse)
Info    : [ 20%] Meshing curve 95 (Line)
Info    : [ 20%] Meshing curve 96 (Ellipse)
Info    : [ 20%] Meshing curve 97 (Line)
Info    : [ 20%] Meshing curve 98 (Ellipse)
Info    : [ 20%] Meshing curve 99 (Line)
Info    : [ 20%] Meshing curve 100 (Ellipse)
Info    : [ 20%] Meshing curve 101 (Ellipse)
Info    : [ 20%] Meshing curve 102 (Line)
Info    : [ 20%] Meshing curve 103 (Ellipse)
Info    : [ 20%] Meshing curve 104 (Ellipse)
Info    : [ 20%] Meshing curve 105 (Line)
Info    : [ 20%] Meshing curve 106 (Line)
Info    : [ 20%] Meshing curve 107 (Line)
Info    : [ 20%] Meshing curve 108 (Ellipse)
Info    : [ 20%] Meshing curve 109 (Ellipse)
Info    : [ 20%] Meshing curve 110 (Ellipse)
Info    : [ 20%] Meshing curve 111 (Line)
Info    : [ 20%] Meshing curve 112 (Ellipse)
Info    : [ 20%] Meshing curve 113 (Ellipse)
Info    : [ 20%] Meshing curve 114 (Line)
Info    : [ 20%] Meshing curve 115 (Line)
Info    : [ 20%] Meshing curve 116 (Line)
Info    : [ 20%] Meshing curve 117 (BSpline)
Info    : [ 20%] Meshing curve 118 (BSpline)
Info    : [ 20%] Meshing curve 119 (Ellipse)
Info    : [ 20%] Meshing curve 120 (BSpline)
Info    : [ 20%] Meshing curve 121 (Ellipse)
Info    : [ 20%] Meshing curve 122 (BSpline)
Info    : [ 20%] Meshing curve 123 (Ellipse)
Info    : [ 20%] Meshing curve 124 (Ellipse)
Info    : [ 20%] Meshing curve 125 (BSpline)
Info    : [ 20%] Meshing curve 126 (BSpline)
Info    : [ 20%] Meshing curve 127 (Circle)
Info    : [ 20%] Meshing curve 128 (Line)
Info    : [ 20%] Meshing curve 129 (Circle)
Info    : [ 20%] Meshing curve 130 (BSpline)
Info    : [ 20%] Meshing curve 131 (Line)
Info    : [ 20%] Meshing curve 132 (BSpline)
Info    : [ 20%] Meshing curve 133 (Line)
Info    : [ 20%] Meshing curve 134 (BSpline)
Info    : [ 20%] Meshing curve 135 (Line)
Info    : [ 20%] Meshing curve 136 (BSpline)
Info    : [ 20%] Meshing curve 137 (Line)
Info    : [ 20%] Meshing curve 138 (BSpline)
Info    : [ 20%] Meshing curve 139 (Line)
Info    : [ 20%] Meshing curve 140 (BSpline)
Info    : [ 20%] Meshing curve 141 (Ellipse)
Info    : [ 20%] Meshing curve 142 (Line)
Info    : [ 20%] Meshing curve 143 (Circle)
Info    : [ 20%] Meshing curve 144 (Ellipse)
Info    : [ 30%] Meshing curve 145 (Line)
Info    : [ 30%] Meshing curve 146 (Ellipse)
Info    : [ 30%] Meshing curve 147 (Line)
Info    : [ 30%] Meshing curve 148 (Ellipse)
Info    : [ 30%] Meshing curve 149 (Line)
Info    : [ 30%] Meshing curve 150 (Line)
Info    : [ 30%] Meshing curve 151 (Line)
Info    : [ 30%] Meshing curve 152 (Line)
Info    : [ 30%] Meshing curve 153 (Line)
Info    : [ 30%] Meshing curve 154 (Line)
Info    : [ 30%] Meshing curve 155 (Line)
Info    : [ 30%] Meshing curve 156 (Line)
Info    : [ 30%] Meshing curve 157 (Line)
Info    : [ 30%] Meshing curve 158 (Line)
Info    : [ 30%] Meshing curve 159 (Line)
Info    : [ 30%] Meshing curve 160 (Line)
Info    : [ 30%] Meshing curve 161 (Line)
Info    : [ 30%] Meshing curve 162 (Ellipse)
Info    : [ 30%] Meshing curve 163 (Ellipse)
Info    : [ 30%] Meshing curve 164 (Line)
Info    : [ 30%] Meshing curve 165 (Ellipse)
Info    : [ 30%] Meshing curve 166 (Line)
Info    : [ 30%] Meshing curve 167 (Line)
Info    : [ 30%] Meshing curve 168 (Line)
Info    : [ 30%] Meshing curve 169 (Line)
Info    : [ 30%] Meshing curve 170 (Ellipse)
Info    : [ 30%] Meshing curve 171 (Circle)
Info    : [ 30%] Meshing curve 172 (Line)
Info    : [ 30%] Meshing curve 173 (Circle)
Info    : [ 30%] Meshing curve 174 (BSpline)
Info    : [ 30%] Meshing curve 175 (BSpline)
Info    : [ 30%] Meshing curve 176 (BSpline)
Info    : [ 30%] Meshing curve 177 (BSpline)
Info    : [ 30%] Meshing curve 178 (Ellipse)
Info    : [ 30%] Meshing curve 179 (Ellipse)
Info    : [ 30%] Meshing curve 180 (Circle)
Info    : [ 30%] Meshing curve 181 (Line)
Info    : [ 30%] Meshing curve 182 (Circle)
Info    : [ 30%] Meshing curve 183 (Line)
Info    : [ 30%] Meshing curve 184 (Circle)
Info    : [ 30%] Meshing curve 185 (Line)
Info    : [ 30%] Meshing curve 186 (Circle)
Info    : [ 30%] Meshing curve 187 (Line)
Info    : [ 30%] Meshing curve 188 (Circle)
Info    : [ 30%] Meshing curve 189 (Line)
Info    : [ 30%] Meshing curve 190 (Circle)
Info    : [ 30%] Meshing curve 191 (Circle)
Info    : [ 30%] Meshing curve 192 (Line)
Info    : [ 30%] Meshing curve 193 (Circle)
Info    : [ 30%] Meshing curve 194 (Line)
Info    : [ 30%] Meshing curve 195 (Line)
Info    : [ 30%] Meshing curve 196 (Line)
Info    : [ 30%] Meshing curve 197 (Line)
Info    : [ 30%] Meshing curve 198 (Line)
Info    : [ 30%] Meshing curve 199 (Line)
Info    : [ 30%] Meshing curve 200 (Line)
Info    : [ 30%] Meshing curve 201 (Line)
Info    : [ 30%] Meshing curve 202 (Line)
Info    : [ 30%] Meshing curve 203 (Circle)
Info    : [ 30%] Meshing curve 204 (Line)
Info    : [ 30%] Meshing curve 205 (Line)
Info    : [ 30%] Meshing curve 206 (Line)
Info    : [ 30%] Meshing curve 207 (Circle)
Info    : [ 30%] Meshing curve 208 (Line)
Info    : [ 30%] Meshing curve 209 (Circle)
Info    : [ 30%] Meshing curve 210 (Line)
Info    : [ 30%] Meshing curve 211 (Circle)
Info    : [ 30%] Meshing curve 212 (Line)
Info    : [ 30%] Meshing curve 213 (Circle)
Info    : [ 30%] Meshing curve 214 (Line)
Info    : [ 30%] Meshing curve 215 (Line)
Info    : [ 30%] Meshing curve 216 (Line)
Info    : [ 40%] Meshing curve 217 (Ellipse)
Info    : [ 40%] Meshing curve 218 (Ellipse)
Info    : [ 40%] Meshing curve 219 (Line)
Info    : [ 40%] Meshing curve 220 (Line)
Info    : [ 40%] Meshing curve 221 (Line)
Info    : [ 40%] Meshing curve 222 (Ellipse)
Info    : [ 40%] Meshing curve 223 (BSpline)
Info    : [ 40%] Meshing curve 224 (BSpline)
Info    : [ 40%] Meshing curve 225 (BSpline)
Info    : [ 40%] Meshing curve 226 (BSpline)
Info    : [ 40%] Meshing curve 227 (BSpline)
Info    : [ 40%] Meshing curve 228 (Ellipse)
Info    : [ 40%] Meshing curve 229 (BSpline)
Info    : [ 40%] Meshing curve 230 (Ellipse)
Info    : [ 40%] Meshing curve 231 (BSpline)
Info    : [ 40%] Meshing curve 232 (Ellipse)
Info    : [ 40%] Meshing curve 233 (Line)
Info    : [ 40%] Meshing curve 234 (BSpline)
Info    : [ 40%] Meshing curve 235 (Line)
Info    : [ 40%] Meshing curve 236 (Circle)
Info    : [ 40%] Meshing curve 237 (Line)
Info    : [ 40%] Meshing curve 238 (Circle)
Info    : [ 40%] Meshing curve 239 (Line)
Info    : [ 40%] Meshing curve 240 (Line)
Info    : [ 40%] Meshing curve 241 (Line)
Info    : [ 40%] Meshing curve 242 (Line)
Info    : [ 40%] Meshing curve 243 (Line)
Info    : [ 40%] Meshing curve 244 (Line)
Info    : [ 40%] Meshing curve 245 (Line)
Info    : [ 40%] Meshing curve 246 (Line)
Info    : [ 40%] Meshing curve 247 (Line)
Info    : [ 40%] Meshing curve 248 (Line)
Info    : [ 40%] Meshing curve 249 (Line)
Info    : [ 40%] Meshing curve 250 (Line)
Info    : [ 40%] Meshing curve 251 (Line)
Info    : [ 40%] Meshing curve 252 (Line)
Info    : [ 40%] Meshing curve 253 (Line)
Info    : [ 40%] Meshing curve 254 (Circle)
Info    : [ 40%] Meshing curve 255 (Line)
Info    : [ 40%] Meshing curve 256 (Circle)
Info    : [ 40%] Meshing curve 257 (BSpline)
Info    : [ 40%] Meshing curve 258 (BSpline)
Info    : [ 40%] Meshing curve 259 (Circle)
Info    : [ 40%] Meshing curve 260 (Line)
Info    : [ 40%] Meshing curve 261 (Ellipse)
Info    : [ 40%] Meshing curve 262 (Circle)
Info    : [ 40%] Meshing curve 263 (Circle)
Info    : [ 40%] Meshing curve 264 (Ellipse)
Info    : [ 40%] Meshing curve 265 (Circle)
Info    : [ 40%] Meshing curve 266 (Circle)
Info    : [ 40%] Meshing curve 267 (Ellipse)
Info    : [ 40%] Meshing curve 268 (Ellipse)
Info    : [ 40%] Meshing curve 269 (Ellipse)
Info    : [ 40%] Meshing curve 270 (Ellipse)
Info    : [ 40%] Meshing curve 271 (Ellipse)
Info    : [ 40%] Meshing curve 272 (Ellipse)
Info    : [ 40%] Meshing curve 273 (Ellipse)
Info    : [ 40%] Meshing curve 274 (BSpline)
Info    : [ 40%] Meshing curve 275 (Ellipse)
Info    : [ 40%] Meshing curve 276 (Line)
Info    : [ 40%] Meshing curve 277 (Circle)
Info    : [ 40%] Meshing curve 278 (Ellipse)
Info    : [ 40%] Meshing curve 279 (BSpline)
Info    : [ 40%] Meshing curve 280 (Ellipse)
Info    : [ 40%] Meshing curve 281 (BSpline)
Info    : [ 40%] Meshing curve 282 (BSpline)
Info    : [ 40%] Meshing curve 283 (Ellipse)
Info    : [ 40%] Meshing curve 284 (BSpline)
Info    : [ 40%] Meshing curve 285 (Line)
Info    : [ 40%] Meshing curve 286 (Line)
Info    : [ 40%] Meshing curve 287 (Line)
Info    : [ 40%] Meshing curve 288 (Line)
Info    : [ 50%] Meshing curve 289 (Line)
Info    : [ 50%] Meshing curve 290 (Line)
Info    : [ 50%] Meshing curve 291 (Line)
Info    : [ 50%] Meshing curve 292 (Line)
Info    : [ 50%] Meshing curve 293 (Line)
Info    : [ 50%] Meshing curve 294 (Line)
Info    : [ 50%] Meshing curve 295 (Line)
Info    : [ 50%] Meshing curve 296 (Line)
Info    : [ 50%] Meshing curve 297 (Line)
Info    : [ 50%] Meshing curve 298 (Line)
Info    : [ 50%] Meshing curve 299 (Line)
Info    : [ 50%] Meshing curve 300 (Line)
Info    : [ 50%] Meshing curve 301 (Line)
Info    : [ 50%] Meshing curve 302 (Line)
Info    : [ 50%] Meshing curve 303 (Line)
Info    : [ 50%] Meshing curve 304 (Line)
Info    : [ 50%] Meshing curve 305 (Line)
Info    : [ 50%] Meshing curve 306 (Line)
Info    : [ 50%] Meshing curve 307 (Line)
Info    : [ 50%] Meshing curve 308 (Line)
Info    : [ 50%] Meshing curve 309 (Line)
Info    : [ 50%] Meshing curve 310 (Line)
Info    : [ 50%] Meshing curve 311 (Line)
Info    : [ 50%] Meshing curve 312 (Line)
Info    : [ 50%] Meshing curve 313 (Line)
Info    : [ 50%] Meshing curve 314 (Line)
Info    : [ 50%] Meshing curve 315 (Line)
Info    : [ 50%] Meshing curve 316 (Line)
Info    : [ 50%] Meshing curve 317 (Line)
Info    : [ 50%] Meshing curve 318 (Line)
Info    : [ 50%] Meshing curve 319 (Line)
Info    : [ 50%] Meshing curve 320 (Line)
Info    : [ 50%] Meshing curve 321 (Line)
Info    : [ 50%] Meshing curve 322 (Line)
Info    : [ 50%] Meshing curve 323 (Line)
Info    : [ 50%] Meshing curve 324 (Circle)
Info    : [ 50%] Meshing curve 325 (Line)
Info    : [ 50%] Meshing curve 326 (Line)
Info    : [ 50%] Meshing curve 327 (Ellipse)
Info    : [ 50%] Meshing curve 328 (Line)
Info    : [ 50%] Meshing curve 329 (Ellipse)
Info    : [ 50%] Meshing curve 330 (BSpline)
Info    : [ 50%] Meshing curve 331 (BSpline)
Info    : [ 50%] Meshing curve 332 (Ellipse)
Info    : [ 50%] Meshing curve 333 (Line)
Info    : [ 50%] Meshing curve 334 (Circle)
Info    : [ 50%] Meshing curve 335 (Ellipse)
Info    : [ 50%] Meshing curve 336 (Line)
Info    : [ 50%] Meshing curve 337 (Line)
Info    : [ 50%] Meshing curve 338 (Line)
Info    : [ 50%] Meshing curve 339 (Line)
Info    : [ 50%] Meshing curve 340 (Line)
Info    : [ 50%] Meshing curve 341 (Line)
Info    : [ 50%] Meshing curve 342 (Circle)
Info    : [ 50%] Meshing curve 343 (Circle)
Info    : [ 50%] Meshing curve 344 (Circle)
Info    : [ 50%] Meshing curve 345 (Line)
Info    : [ 50%] Meshing curve 346 (Circle)
Info    : [ 50%] Meshing curve 347 (Circle)
Info    : [ 50%] Meshing curve 348 (Circle)
Info    : [ 50%] Meshing curve 349 (Line)
Info    : [ 50%] Meshing curve 350 (Line)
Info    : [ 50%] Meshing curve 351 (Line)
Info    : [ 50%] Meshing curve 352 (Line)
Info    : [ 50%] Meshing curve 353 (Line)
Info    : [ 50%] Meshing curve 354 (Line)
Info    : [ 50%] Meshing curve 355 (Line)
Info    : [ 50%] Meshing curve 356 (Line)
Info    : [ 50%] Meshing curve 357 (Line)
Info    : [ 50%] Meshing curve 358 (Line)
Info    : [ 50%] Meshing curve 359 (Line)
Info    : [ 60%] Meshing curve 360 (Line)
Info    : [ 60%] Meshing curve 361 (Circle)
Info    : [ 60%] Meshing curve 362 (Line)
Info    : [ 60%] Meshing curve 363 (Line)
Info    : [ 60%] Meshing curve 364 (Line)
Info    : [ 60%] Meshing curve 365 (Line)
Info    : [ 60%] Meshing curve 366 (Line)
Info    : [ 60%] Meshing curve 367 (Line)
Info    : [ 60%] Meshing curve 368 (Line)
Info    : [ 60%] Meshing curve 369 (Line)
Info    : [ 60%] Meshing curve 370 (Line)
Info    : [ 60%] Meshing curve 371 (Line)
Info    : [ 60%] Meshing curve 372 (Line)
Info    : [ 60%] Meshing curve 373 (Line)
Info    : [ 60%] Meshing curve 374 (Line)
Info    : [ 60%] Meshing curve 375 (Line)
Info    : [ 60%] Meshing curve 376 (Line)
Info    : [ 60%] Meshing curve 377 (Line)
Info    : [ 60%] Meshing curve 378 (Line)
Info    : [ 60%] Meshing curve 379 (Line)
Info    : [ 60%] Meshing curve 380 (Line)
Info    : [ 60%] Meshing curve 381 (Line)
Info    : [ 60%] Meshing curve 382 (Line)
Info    : [ 60%] Meshing curve 383 (Circle)
Info    : [ 60%] Meshing curve 384 (Line)
Info    : [ 60%] Meshing curve 385 (Circle)
Info    : [ 60%] Meshing curve 386 (Circle)
Info    : [ 60%] Meshing curve 387 (Line)
Info    : [ 60%] Meshing curve 388 (Line)
Info    : [ 60%] Meshing curve 389 (Line)
Info    : [ 60%] Meshing curve 390 (Ellipse)
Info    : [ 60%] Meshing curve 391 (Line)
Info    : [ 60%] Meshing curve 392 (Line)
Info    : [ 60%] Meshing curve 393 (BSpline)
Info    : [ 60%] Meshing curve 394 (Ellipse)
Info    : [ 60%] Meshing curve 395 (Line)
Info    : [ 60%] Meshing curve 396 (Line)
Info    : [ 60%] Meshing curve 397 (Line)
Info    : [ 60%] Meshing curve 398 (Line)
Info    : [ 60%] Meshing curve 399 (Line)
Info    : [ 60%] Meshing curve 400 (Line)
Info    : [ 60%] Meshing curve 401 (Line)
Info    : [ 60%] Meshing curve 402 (Line)
Info    : [ 60%] Meshing curve 403 (Line)
Info    : [ 60%] Meshing curve 404 (Line)
Info    : [ 60%] Meshing curve 405 (Line)
Info    : [ 60%] Meshing curve 406 (Line)
Info    : [ 60%] Meshing curve 407 (Line)
Info    : [ 60%] Meshing curve 408 (Line)
Info    : [ 60%] Meshing curve 409 (Line)
Info    : [ 60%] Meshing curve 410 (Line)
Info    : [ 60%] Meshing curve 411 (Line)
Info    : [ 60%] Meshing curve 412 (Line)
Info    : [ 60%] Meshing curve 413 (Line)
Info    : [ 60%] Meshing curve 414 (Line)
Info    : [ 60%] Meshing curve 415 (Line)
Info    : [ 60%] Meshing curve 416 (Line)
Info    : [ 60%] Meshing curve 417 (Line)
Info    : [ 60%] Meshing curve 418 (Line)
Info    : [ 60%] Meshing curve 419 (Line)
Info    : [ 60%] Meshing curve 420 (Line)
Info    : [ 60%] Meshing curve 421 (Line)
Info    : [ 60%] Meshing curve 422 (Ellipse)
Info    : [ 60%] Meshing curve 423 (Ellipse)
Info    : [ 60%] Meshing curve 424 (Ellipse)
Info    : [ 60%] Meshing curve 425 (Ellipse)
Info    : [ 60%] Meshing curve 426 (Line)
Info    : [ 60%] Meshing curve 427 (Circle)
Info    : [ 60%] Meshing curve 428 (Line)
Info    : [ 60%] Meshing curve 429 (Line)
Info    : [ 60%] Meshing curve 430 (Line)
Info    : [ 60%] Meshing curve 431 (Line)
Info    : [ 70%] Meshing curve 432 (Line)
Info    : [ 70%] Meshing curve 433 (Line)
Info    : [ 70%] Meshing curve 434 (Circle)
Info    : [ 70%] Meshing curve 435 (Line)
Info    : [ 70%] Meshing curve 436 (Circle)
Info    : [ 70%] Meshing curve 437 (BSpline)
Info    : [ 70%] Meshing curve 438 (Line)
Info    : [ 70%] Meshing curve 439 (Circle)
Info    : [ 70%] Meshing curve 440 (Line)
Info    : [ 70%] Meshing curve 441 (Ellipse)
Info    : [ 70%] Meshing curve 442 (BSpline)
Info    : [ 70%] Meshing curve 443 (Ellipse)
Info    : [ 70%] Meshing curve 444 (Circle)
Info    : [ 70%] Meshing curve 445 (Circle)
Info    : [ 70%] Meshing curve 446 (BSpline)
Info    : [ 70%] Meshing curve 447 (Line)
Info    : [ 70%] Meshing curve 448 (Circle)
Info    : [ 70%] Meshing curve 449 (Line)
Info    : [ 70%] Meshing curve 450 (Ellipse)
Info    : [ 70%] Meshing curve 451 (BSpline)
Info    : [ 70%] Meshing curve 452 (Ellipse)
Info    : [ 70%] Meshing curve 453 (Circle)
Info    : [ 70%] Meshing curve 454 (Circle)
Info    : [ 70%] Meshing curve 455 (Line)
Info    : [ 70%] Meshing curve 456 (Circle)
Info    : [ 70%] Meshing curve 457 (Line)
Info    : [ 70%] Meshing curve 458 (Circle)
Info    : [ 70%] Meshing curve 459 (Line)
Info    : [ 70%] Meshing curve 460 (Line)
Info    : [ 70%] Meshing curve 461 (Line)
Info    : [ 70%] Meshing curve 462 (Circle)
Info    : [ 70%] Meshing curve 463 (Line)
Info    : [ 70%] Meshing curve 464 (Line)
Info    : [ 70%] Meshing curve 465 (Circle)
Info    : [ 70%] Meshing curve 466 (Line)
Info    : [ 70%] Meshing curve 467 (Line)
Info    : [ 70%] Meshing curve 468 (Line)
Info    : [ 70%] Meshing curve 469 (Line)
Info    : [ 70%] Meshing curve 470 (Line)
Info    : [ 70%] Meshing curve 471 (Line)
Info    : [ 70%] Meshing curve 472 (Line)
Info    : [ 70%] Meshing curve 473 (Line)
Info    : [ 70%] Meshing curve 474 (Line)
Info    : [ 70%] Meshing curve 475 (Line)
Info    : [ 70%] Meshing curve 476 (Line)
Info    : [ 70%] Meshing curve 477 (Line)
Info    : [ 70%] Meshing curve 478 (Line)
Info    : [ 70%] Meshing curve 479 (Circle)
Info    : [ 70%] Meshing curve 480 (Line)
Info    : [ 70%] Meshing curve 481 (Line)
Info    : [ 70%] Meshing curve 482 (Circle)
Info    : [ 70%] Meshing curve 483 (Line)
Info    : [ 70%] Meshing curve 484 (Circle)
Info    : [ 70%] Meshing curve 485 (Line)
Info    : [ 70%] Meshing curve 486 (Line)
Info    : [ 70%] Meshing curve 487 (Line)
Info    : [ 70%] Meshing curve 488 (Circle)
Info    : [ 70%] Meshing curve 489 (Line)
Info    : [ 70%] Meshing curve 490 (Circle)
Info    : [ 70%] Meshing curve 491 (Line)
Info    : [ 70%] Meshing curve 492 (Circle)
Info    : [ 70%] Meshing curve 493 (Line)
Info    : [ 70%] Meshing curve 494 (Line)
Info    : [ 70%] Meshing curve 495 (Line)
Info    : [ 70%] Meshing curve 496 (Line)
Info    : [ 70%] Meshing curve 497 (Line)
Info    : [ 70%] Meshing curve 498 (Line)
Info    : [ 70%] Meshing curve 499 (Line)
Info    : [ 70%] Meshing curve 500 (Line)
Info    : [ 70%] Meshing curve 501 (Line)
Info    : [ 70%] Meshing curve 502 (Line)
Info    : [ 70%] Meshing curve 503 (Line)
Info    : [ 80%] Meshing curve 504 (Line)
Info    : [ 80%] Meshing curve 505 (Line)
Info    : [ 80%] Meshing curve 506 (Line)
Info    : [ 80%] Meshing curve 507 (Circle)
Info    : [ 80%] Meshing curve 508 (Circle)
Info    : [ 80%] Meshing curve 509 (Circle)
Info    : [ 80%] Meshing curve 510 (Line)
Info    : [ 80%] Meshing curve 511 (Circle)
Info    : [ 80%] Meshing curve 512 (Circle)
Info    : [ 80%] Meshing curve 513 (Circle)
Info    : [ 80%] Meshing curve 514 (BSpline)
Info    : [ 80%] Meshing curve 515 (Line)
Info    : [ 80%] Meshing curve 516 (Line)
Info    : [ 80%] Meshing curve 517 (Line)
Info    : [ 80%] Meshing curve 518 (Line)
Info    : [ 80%] Meshing curve 519 (Line)
Info    : [ 80%] Meshing curve 520 (Line)
Info    : [ 80%] Meshing curve 521 (Line)
Info    : [ 80%] Meshing curve 522 (Line)
Info    : [ 80%] Meshing curve 523 (Line)
Info    : [ 80%] Meshing curve 524 (Circle)
Info    : [ 80%] Meshing curve 525 (Line)
Info    : [ 80%] Meshing curve 526 (Circle)
Info    : [ 80%] Meshing curve 527 (Line)
Info    : [ 80%] Meshing curve 528 (Circle)
Info    : [ 80%] Meshing curve 529 (Line)
Info    : [ 80%] Meshing curve 530 (Circle)
Info    : [ 80%] Meshing curve 531 (Line)
Info    : [ 80%] Meshing curve 532 (Circle)
Info    : [ 80%] Meshing curve 534 (Line)
Info    : [ 80%] Meshing curve 535 (Line)
Info    : [ 80%] Meshing curve 536 (Line)
Info    : [ 80%] Meshing curve 537 (Line)
Info    : [ 80%] Meshing curve 538 (Line)
Info    : [ 80%] Meshing curve 539 (Line)
Info    : [ 80%] Meshing curve 540 (Line)
Info    : [ 80%] Meshing curve 541 (Line)
Info    : [ 80%] Meshing curve 542 (Line)
Info    : [ 80%] Meshing curve 543 (Line)
Info    : [ 80%] Meshing curve 544 (Line)
Info    : [ 80%] Meshing curve 545 (Circle)
Info    : [ 80%] Meshing curve 546 (Line)
Info    : [ 80%] Meshing curve 547 (Circle)
Info    : [ 80%] Meshing curve 548 (Line)
Info    : [ 80%] Meshing curve 549 (Circle)
Info    : [ 80%] Meshing curve 550 (Line)
Info    : [ 80%] Meshing curve 551 (Line)
Info    : [ 80%] Meshing curve 552 (Line)
Info    : [ 80%] Meshing curve 553 (Circle)
Info    : [ 80%] Meshing curve 554 (Line)
Info    : [ 80%] Meshing curve 555 (Circle)
Info    : [ 80%] Meshing curve 556 (Line)
Info    : [ 80%] Meshing curve 557 (Circle)
Info    : [ 80%] Meshing curve 558 (Line)
Info    : [ 80%] Meshing curve 559 (Circle)
Info    : [ 80%] Meshing curve 560 (Line)
Info    : [ 80%] Meshing curve 561 (BSpline)
Info    : [ 80%] Meshing curve 562 (Line)
Info    : [ 80%] Meshing curve 563 (BSpline)
Info    : [ 80%] Meshing curve 564 (BSpline)
Info    : [ 80%] Meshing curve 565 (BSpline)
Info    : [ 80%] Meshing curve 566 (BSpline)
Info    : [ 80%] Meshing curve 567 (Ellipse)
Info    : [ 80%] Meshing curve 568 (Line)
Info    : [ 80%] Meshing curve 569 (Circle)
Info    : [ 80%] Meshing curve 570 (Ellipse)
Info    : [ 80%] Meshing curve 571 (Ellipse)
Info    : [ 80%] Meshing curve 572 (BSpline)
Info    : [ 80%] Meshing curve 573 (Ellipse)
Info    : [ 80%] Meshing curve 574 (BSpline)
Info    : [ 80%] Meshing curve 575 (Ellipse)
Info    : [ 90%] Meshing curve 576 (Circle)
Info    : [ 90%] Meshing curve 577 (Line)
Info    : [ 90%] Meshing curve 578 (BSpline)
Info    : [ 90%] Meshing curve 579 (BSpline)
Info    : [ 90%] Meshing curve 580 (Line)
Info    : [ 90%] Meshing curve 581 (Line)
Info    : [ 90%] Meshing curve 582 (Circle)
Info    : [ 90%] Meshing curve 583 (Line)
Info    : [ 90%] Meshing curve 584 (Circle)
Info    : [ 90%] Meshing curve 585 (Line)
Info    : [ 90%] Meshing curve 586 (Line)
Info    : [ 90%] Meshing curve 587 (Ellipse)
Info    : [ 90%] Meshing curve 588 (Line)
Info    : [ 90%] Meshing curve 589 (BSpline)
Info    : [ 90%] Meshing curve 590 (BSpline)
Info    : [ 90%] Meshing curve 591 (Line)
Info    : [ 90%] Meshing curve 592 (Circle)
Info    : [ 90%] Meshing curve 593 (Ellipse)
Info    : [ 90%] Meshing curve 594 (Circle)
Info    : [ 90%] Meshing curve 595 (Line)
Info    : [ 90%] Meshing curve 596 (Ellipse)
Info    : [ 90%] Meshing curve 597 (BSpline)
Info    : [ 90%] Meshing curve 598 (BSpline)
Info    : [ 90%] Meshing curve 599 (BSpline)
Info    : [ 90%] Meshing curve 600 (Line)
Info    : [ 90%] Meshing curve 601 (BSpline)
Info    : [ 90%] Meshing curve 602 (BSpline)
Info    : [ 90%] Meshing curve 603 (Ellipse)
Info    : [ 90%] Meshing curve 604 (Ellipse)
Info    : [ 90%] Meshing curve 605 (Ellipse)
Info    : [ 90%] Meshing curve 606 (Ellipse)
Info    : [ 90%] Meshing curve 607 (Ellipse)
Info    : [ 90%] Meshing curve 608 (BSpline)
Info    : [ 90%] Meshing curve 609 (Ellipse)
Info    : [ 90%] Meshing curve 610 (Circle)
Info    : [ 90%] Meshing curve 611 (Line)
Info    : [ 90%] Meshing curve 612 (Circle)
Info    : [ 90%] Meshing curve 613 (Ellipse)
Info    : [ 90%] Meshing curve 614 (BSpline)
Info    : [ 90%] Meshing curve 615 (Line)
Info    : [ 90%] Meshing curve 616 (Line)
Info    : [ 90%] Meshing curve 617 (Ellipse)
Info    : [ 90%] Meshing curve 618 (Line)
Info    : [ 90%] Meshing curve 619 (Line)
Info    : [ 90%] Meshing curve 620 (Line)
Info    : [ 90%] Meshing curve 621 (Line)
Info    : [ 90%] Meshing curve 622 (Line)
Info    : [ 90%] Meshing curve 623 (Circle)
Info    : [ 90%] Meshing curve 624 (Line)
Info    : [ 90%] Meshing curve 625 (Circle)
Info    : [ 90%] Meshing curve 626 (Line)
Info    : [ 90%] Meshing curve 627 (Ellipse)
Info    : [ 90%] Meshing curve 628 (Circle)
Info    : [ 90%] Meshing curve 629 (BSpline)
Info    : [ 90%] Meshing curve 630 (BSpline)
Info    : [ 90%] Meshing curve 631 (BSpline)
Info    : [ 90%] Meshing curve 632 (BSpline)
Info    : [ 90%] Meshing curve 633 (BSpline)
Info    : [ 90%] Meshing curve 634 (Ellipse)
Info    : [ 90%] Meshing curve 635 (BSpline)
Info    : [ 90%] Meshing curve 636 (Ellipse)
Info    : [ 90%] Meshing curve 637 (Ellipse)
Info    : [ 90%] Meshing curve 638 (Ellipse)
Info    : [ 90%] Meshing curve 639 (BSpline)
Info    : [ 90%] Meshing curve 640 (Ellipse)
Info    : [ 90%] Meshing curve 641 (BSpline)
Info    : [ 90%] Meshing curve 642 (Circle)
Info    : [ 90%] Meshing curve 643 (Line)
Info    : [ 90%] Meshing curve 644 (Circle)
Info    : [ 90%] Meshing curve 645 (Ellipse)
Info    : [ 90%] Meshing curve 646 (Line)
Info    : [ 90%] Meshing curve 647 (Ellipse)
Info    : [100%] Meshing curve 648 (BSpline)
Info    : [100%] Meshing curve 649 (Circle)
Info    : [100%] Meshing curve 650 (Ellipse)
Info    : [100%] Meshing curve 651 (Ellipse)
Info    : [100%] Meshing curve 652 (Ellipse)
Info    : [100%] Meshing curve 653 (Ellipse)
Info    : [100%] Meshing curve 654 (Line)
Info    : [100%] Meshing curve 655 (Line)
Info    : [100%] Meshing curve 656 (Ellipse)
Info    : [100%] Meshing curve 657 (Ellipse)
Info    : [100%] Meshing curve 658 (Ellipse)
Info    : [100%] Meshing curve 659 (Line)
Info    : [100%] Meshing curve 660 (Ellipse)
Info    : [100%] Meshing curve 661 (Line)
Info    : [100%] Meshing curve 662 (Ellipse)
Info    : [100%] Meshing curve 663 (Ellipse)
Info    : [100%] Meshing curve 664 (Ellipse)
Info    : [100%] Meshing curve 665 (Ellipse)
Info    : [100%] Meshing curve 666 (Circle)
Info    : [100%] Meshing curve 667 (Line)
Info    : [100%] Meshing curve 668 (Ellipse)
Info    : [100%] Meshing curve 669 (Ellipse)
Info    : [100%] Meshing curve 670 (BSpline)
Info    : [100%] Meshing curve 671 (Ellipse)
Info    : [100%] Meshing curve 672 (BSpline)
Info    : [100%] Meshing curve 673 (BSpline)
Info    : [100%] Meshing curve 674 (Line)
Info    : [100%] Meshing curve 675 (Circle)
Info    : [100%] Meshing curve 676 (Ellipse)
Info    : [100%] Meshing curve 677 (BSpline)
Info    : [100%] Meshing curve 678 (Ellipse)
Info    : [100%] Meshing curve 679 (BSpline)
Info    : [100%] Meshing curve 680 (Line)
Info    : [100%] Meshing curve 681 (Ellipse)
Info    : [100%] Meshing curve 682 (Line)
Info    : [100%] Meshing curve 683 (Line)
Info    : [100%] Meshing curve 684 (Line)
Info    : [100%] Meshing curve 685 (Line)
Info    : [100%] Meshing curve 686 (Line)
Info    : [100%] Meshing curve 687 (Line)
Info    : [100%] Meshing curve 688 (Line)
Info    : [100%] Meshing curve 689 (Line)
Info    : [100%] Meshing curve 690 (Line)
Info    : [100%] Meshing curve 691 (Circle)
Info    : [100%] Meshing curve 692 (Circle)
Info    : [100%] Meshing curve 693 (Line)
Info    : [100%] Meshing curve 694 (Line)
Info    : [100%] Meshing curve 695 (Line)
Info    : [100%] Meshing curve 696 (Line)
Info    : [100%] Meshing curve 697 (Ellipse)
Info    : [100%] Meshing curve 698 (Line)
Info    : [100%] Meshing curve 699 (Circle)
Info    : [100%] Meshing curve 700 (Ellipse)
Info    : [100%] Meshing curve 701 (BSpline)
Info    : [100%] Meshing curve 702 (Ellipse)
Info    : [100%] Meshing curve 703 (Circle)
Info    : [100%] Meshing curve 704 (BSpline)
Info    : [100%] Meshing curve 705 (BSpline)
Info    : [100%] Meshing curve 706 (Line)
Info    : [100%] Meshing curve 707 (Line)
Info    : [100%] Meshing curve 708 (Line)
Info    : [100%] Meshing curve 709 (Circle)
Info    : [100%] Meshing curve 710 (Line)
Info    : [100%] Meshing curve 711 (Line)
Info    : [100%] Meshing curve 712 (Line)
Info    : [100%] Meshing curve 713 (Line)
Info    : [100%] Meshing curve 714 (Line)
Info    : [100%] Meshing curve 715 (Circle)
Info    : [100%] Meshing curve 716 (Line)
Info    : [100%] Meshing curve 717 (Circle)
Info    : [100%] Meshing curve 718 (Circle)
Info    : Done meshing 1D (Wall 0.344844s, CPU 0.344802s)
Info    : Meshing 2D...
Info    : [  0%] Meshing surface 1 (Cylinder, Frontal-Delaunay)
Info    : [ 10%] Meshing surface 2 (Plane, Frontal-Delaunay)
Info    : [ 10%] Meshing surface 3 (Plane, Frontal-Delaunay)
Info    : [ 10%] Meshing surface 4 (Cylinder, Frontal-Delaunay)
Info    : [ 10%] Meshing surface 5 (Plane, Frontal-Delaunay)
Info    : [ 10%] Meshing surface 6 (Plane, Frontal-Delaunay)
Info    : [ 10%] Meshing surface 7 (Cylinder, Frontal-Delaunay)
Info    : [ 10%] Meshing surface 8 (Plane, Frontal-Delaunay)
Info    : [ 10%] Meshing surface 9 (Plane, Frontal-Delaunay)
Info    : [ 10%] Meshing surface 10 (Cylinder, Frontal-Delaunay)
Info    : [ 10%] Meshing surface 11 (Plane, Frontal-Delaunay)
Info    : [ 10%] Meshing surface 12 (Plane, Frontal-Delaunay)
Info    : [ 10%] Meshing surface 13 (Plane, Frontal-Delaunay)
Info    : [ 10%] Meshing surface 14 (Plane, Frontal-Delaunay)
Info    : [ 10%] Meshing surface 15 (Plane, Frontal-Delaunay)
Info    : [ 10%] Meshing surface 16 (Cylinder, Frontal-Delaunay)
Info    : [ 10%] Meshing surface 17 (Plane, Frontal-Delaunay)
Info    : [ 10%] Meshing surface 18 (Plane, Frontal-Delaunay)
Info    : [ 10%] Meshing surface 19 (Plane, Frontal-Delaunay)
Info    : [ 10%] Meshing surface 20 (Cylinder, Frontal-Delaunay)
Info    : [ 10%] Meshing surface 21 (Cylinder, Frontal-Delaunay)
Info    : [ 10%] Meshing surface 22 (Cylinder, Frontal-Delaunay)
Info    : [ 10%] Meshing surface 23 (Cylinder, Frontal-Delaunay)
Info    : [ 10%] Meshing surface 24 (Plane, Frontal-Delaunay)
Info    : [ 10%] Meshing surface 25 (Plane, Frontal-Delaunay)
Info    : [ 10%] Meshing surface 26 (Plane, Frontal-Delaunay)
Info    : [ 10%] Meshing surface 27 (Plane, Frontal-Delaunay)
Info    : [ 10%] Meshing surface 28 (Plane, Frontal-Delaunay)
Info    : [ 20%] Meshing surface 29 (Cylinder, Frontal-Delaunay)
Info    : [ 20%] Meshing surface 30 (Plane, Frontal-Delaunay)
Info    : [ 20%] Meshing surface 31 (Plane, Frontal-Delaunay)
Info    : [ 20%] Meshing surface 32 (Plane, Frontal-Delaunay)
Info    : [ 20%] Meshing surface 33 (Plane, Frontal-Delaunay)
Info    : [ 20%] Meshing surface 34 (Plane, Frontal-Delaunay)
Info    : [ 20%] Meshing surface 35 (Cylinder, Frontal-Delaunay)
Info    : [ 20%] Meshing surface 36 (Cylinder, Frontal-Delaunay)
Info    : [ 20%] Meshing surface 37 (Cylinder, Frontal-Delaunay)
Info    : [ 20%] Meshing surface 38 (Cylinder, Frontal-Delaunay)
Info    : [ 20%] Meshing surface 39 (Cylinder, Frontal-Delaunay)
Info    : [ 20%] Meshing surface 40 (Cylinder, Frontal-Delaunay)
Info    : [ 20%] Meshing surface 41 (Cylinder, Frontal-Delaunay)
Info    : [ 20%] Meshing surface 42 (Cylinder, Frontal-Delaunay)
Info    : [ 20%] Meshing surface 43 (Plane, Frontal-Delaunay)
Info    : [ 20%] Meshing surface 44 (Unknown, Frontal-Delaunay)
Info    : [ 20%] Meshing surface 45 (Unknown, Frontal-Delaunay)
Info    : [ 20%] Meshing surface 46 (Plane, Frontal-Delaunay)
Info    : [ 20%] Meshing surface 47 (Plane, Frontal-Delaunay)
Info    : [ 20%] Meshing surface 48 (Plane, Frontal-Delaunay)
Info    : [ 20%] Meshing surface 49 (Plane, Frontal-Delaunay)
Info    : [ 20%] Meshing surface 50 (Plane, Frontal-Delaunay)
Info    : [ 20%] Meshing surface 51 (Plane, Frontal-Delaunay)
Info    : [ 20%] Meshing surface 52 (Unknown, Frontal-Delaunay)
Info    : [ 20%] Meshing surface 53 (Unknown, Frontal-Delaunay)
Info    : [ 20%] Meshing surface 54 (Plane, Frontal-Delaunay)
Info    : [ 20%] Meshing surface 55 (Plane, Frontal-Delaunay)
Info    : [ 20%] Meshing surface 56 (Plane, Frontal-Delaunay)
Info    : [ 30%] Meshing surface 57 (Plane, Frontal-Delaunay)
Info    : [ 30%] Meshing surface 58 (Cylinder, Frontal-Delaunay)
Info    : [ 30%] Meshing surface 59 (Cylinder, Frontal-Delaunay)
Info    : [ 30%] Meshing surface 60 (Plane, Frontal-Delaunay)
Info    : [ 30%] Meshing surface 61 (Plane, Frontal-Delaunay)
Info    : [ 30%] Meshing surface 62 (Plane, Frontal-Delaunay)
Info    : [ 30%] Meshing surface 63 (Cylinder, Frontal-Delaunay)
Info    : [ 30%] Meshing surface 64 (Cylinder, Frontal-Delaunay)
Info    : [ 30%] Meshing surface 65 (Cylinder, Frontal-Delaunay)
Info    : [ 30%] Meshing surface 66 (Cylinder, Frontal-Delaunay)
Info    : [ 30%] Meshing surface 67 (Cylinder, Frontal-Delaunay)
Info    : [ 30%] Meshing surface 68 (Plane, Frontal-Delaunay)
Info    : [ 30%] Meshing surface 69 (Cylinder, Frontal-Delaunay)
Info    : [ 30%] Meshing surface 70 (Plane, Frontal-Delaunay)
Info    : [ 30%] Meshing surface 71 (Cylinder, Frontal-Delaunay)
Info    : [ 30%] Meshing surface 72 (Plane, Frontal-Delaunay)
Info    : [ 30%] Meshing surface 73 (Cylinder, Frontal-Delaunay)
Info    : [ 30%] Meshing surface 74 (Plane, Frontal-Delaunay)
Info    : [ 30%] Meshing surface 75 (Plane, Frontal-Delaunay)
Info    : [ 30%] Meshing surface 76 (Cylinder, Frontal-Delaunay)
Info    : [ 30%] Meshing surface 77 (Cylinder, Frontal-Delaunay)
Info    : [ 30%] Meshing surface 78 (Plane, Frontal-Delaunay)
Info    : [ 30%] Meshing surface 79 (Plane, Frontal-Delaunay)
Info    : [ 30%] Meshing surface 80 (Plane, Frontal-Delaunay)
Info    : [ 30%] Meshing surface 81 (Unknown, Frontal-Delaunay)
Info    : [ 30%] Meshing surface 82 (Plane, Frontal-Delaunay)
Info    : [ 30%] Meshing surface 83 (Unknown, Frontal-Delaunay)
Info    : [ 30%] Meshing surface 84 (Plane, Frontal-Delaunay)
Info    : [ 40%] Meshing surface 85 (Cylinder, Frontal-Delaunay)
Info    : [ 40%] Meshing surface 86 (Plane, Frontal-Delaunay)
Info    : [ 40%] Meshing surface 87 (Plane, Frontal-Delaunay)
Info    : [ 40%] Meshing surface 88 (Plane, Frontal-Delaunay)
Info    : [ 40%] Meshing surface 89 (Plane, Frontal-Delaunay)
Info    : [ 40%] Meshing surface 90 (Plane, Frontal-Delaunay)
Info    : [ 40%] Meshing surface 91 (Plane, Frontal-Delaunay)
Info    : [ 40%] Meshing surface 92 (Plane, Frontal-Delaunay)
Info    : [ 40%] Meshing surface 93 (Plane, Frontal-Delaunay)
Info    : [ 40%] Meshing surface 94 (Plane, Frontal-Delaunay)
Info    : [ 40%] Meshing surface 95 (Plane, Frontal-Delaunay)
Info    : [ 40%] Meshing surface 96 (Plane, Frontal-Delaunay)
Info    : [ 40%] Meshing surface 97 (Plane, Frontal-Delaunay)
Info    : [ 40%] Meshing surface 98 (Cylinder, Frontal-Delaunay)
Info    : [ 40%] Meshing surface 99 (Plane, Frontal-Delaunay)
Info    : [ 40%] Meshing surface 100 (Plane, Frontal-Delaunay)
Info    : [ 40%] Meshing surface 101 (Cylinder, Frontal-Delaunay)
Info    : [ 40%] Meshing surface 102 (Cylinder, Frontal-Delaunay)
Info    : [ 40%] Meshing surface 103 (Cylinder, Frontal-Delaunay)
Info    : [ 40%] Meshing surface 104 (Plane, Frontal-Delaunay)
Info    : [ 40%] Meshing surface 105 (Plane, Frontal-Delaunay)
Info    : [ 40%] Meshing surface 106 (Plane, Frontal-Delaunay)
Info    : [ 40%] Meshing surface 107 (Plane, Frontal-Delaunay)
Info    : [ 40%] Meshing surface 108 (Plane, Frontal-Delaunay)
Info    : [ 40%] Meshing surface 109 (Plane, Frontal-Delaunay)
Info    : [ 40%] Meshing surface 110 (Plane, Frontal-Delaunay)
Info    : [ 40%] Meshing surface 111 (Plane, Frontal-Delaunay)
Info    : [ 40%] Meshing surface 112 (Plane, Frontal-Delaunay)
Info    : [ 50%] Meshing surface 113 (Plane, Frontal-Delaunay)
Info    : [ 50%] Meshing surface 114 (Plane, Frontal-Delaunay)
Info    : [ 50%] Meshing surface 115 (Plane, Frontal-Delaunay)
Info    : [ 50%] Meshing surface 116 (Plane, Frontal-Delaunay)
Info    : [ 50%] Meshing surface 117 (Plane, Frontal-Delaunay)
Info    : [ 50%] Meshing surface 118 (Plane, Frontal-Delaunay)
Info    : [ 50%] Meshing surface 119 (Plane, Frontal-Delaunay)
Info    : [ 50%] Meshing surface 120 (Plane, Frontal-Delaunay)
Info    : [ 50%] Meshing surface 121 (Plane, Frontal-Delaunay)
Info    : [ 50%] Meshing surface 122 (Plane, Frontal-Delaunay)
Info    : [ 50%] Meshing surface 123 (Cylinder, Frontal-Delaunay)
Info    : [ 50%] Meshing surface 124 (Cylinder, Frontal-Delaunay)
Info    : [ 50%] Meshing surface 125 (Plane, Frontal-Delaunay)
Info    : [ 50%] Meshing surface 126 (Plane, Frontal-Delaunay)
Info    : [ 50%] Meshing surface 127 (Cylinder, Frontal-Delaunay)
Info    : [ 50%] Meshing surface 128 (Plane, Frontal-Delaunay)
Info    : [ 50%] Meshing surface 129 (Plane, Frontal-Delaunay)
Info    : [ 50%] Meshing surface 130 (Plane, Frontal-Delaunay)
Info    : [ 50%] Meshing surface 131 (Plane, Frontal-Delaunay)
Info    : [ 50%] Meshing surface 132 (Plane, Frontal-Delaunay)
Info    : [ 50%] Meshing surface 133 (Plane, Frontal-Delaunay)
Info    : [ 50%] Meshing surface 134 (Plane, Frontal-Delaunay)
Info    : [ 50%] Meshing surface 135 (Plane, Frontal-Delaunay)
Info    : [ 50%] Meshing surface 136 (Plane, Frontal-Delaunay)
Info    : [ 50%] Meshing surface 137 (Plane, Frontal-Delaunay)
Info    : [ 50%] Meshing surface 138 (Cylinder, Frontal-Delaunay)
Info    : [ 50%] Meshing surface 139 (Plane, Frontal-Delaunay)
Info    : [ 50%] Meshing surface 140 (Plane, Frontal-Delaunay)
Info    : [ 60%] Meshing surface 141 (Cylinder, Frontal-Delaunay)
Info    : [ 60%] Meshing surface 142 (Cylinder, Frontal-Delaunay)
Info    : [ 60%] Meshing surface 143 (Cylinder, Frontal-Delaunay)
Info    : [ 60%] Meshing surface 144 (Cylinder, Frontal-Delaunay)
Info    : [ 60%] Meshing surface 144 (Cylinder, MeshAdapt)
Info    : [ 60%] Meshing surface 145 (Cylinder, Frontal-Delaunay)
Info    : [ 60%] Meshing surface 146 (Cylinder, Frontal-Delaunay)
Info    : [ 60%] Meshing surface 147 (Cylinder, Frontal-Delaunay)
Info    : [ 60%] Meshing surface 148 (Cylinder, Frontal-Delaunay)
Info    : [ 60%] Meshing surface 149 (Cylinder, Frontal-Delaunay)
Info    : [ 60%] Meshing surface 150 (Plane, Frontal-Delaunay)
Info    : [ 60%] Meshing surface 151 (Cylinder, Frontal-Delaunay)
Info    : [ 60%] Meshing surface 152 (Cylinder, Frontal-Delaunay)
Info    : [ 60%] Meshing surface 153 (Plane, Frontal-Delaunay)
Info    : [ 60%] Meshing surface 154 (Cylinder, Frontal-Delaunay)
Info    : [ 60%] Meshing surface 155 (Plane, Frontal-Delaunay)
Info    : [ 60%] Meshing surface 156 (Plane, Frontal-Delaunay)
Info    : [ 60%] Meshing surface 157 (Plane, Frontal-Delaunay)
Info    : [ 60%] Meshing surface 158 (Plane, Frontal-Delaunay)
Info    : [ 60%] Meshing surface 159 (Plane, Frontal-Delaunay)
Info    : [ 60%] Meshing surface 160 (Plane, Frontal-Delaunay)
Info    : [ 60%] Meshing surface 161 (Plane, Frontal-Delaunay)
Info    : [ 60%] Meshing surface 162 (Plane, Frontal-Delaunay)
Info    : [ 60%] Meshing surface 163 (Plane, Frontal-Delaunay)
Info    : [ 60%] Meshing surface 164 (Plane, Frontal-Delaunay)
Info    : [ 60%] Meshing surface 165 (Plane, Frontal-Delaunay)
Info    : [ 60%] Meshing surface 166 (Plane, Frontal-Delaunay)
Info    : [ 60%] Meshing surface 167 (Plane, Frontal-Delaunay)
Info    : [ 60%] Meshing surface 168 (Cylinder, Frontal-Delaunay)
Info    : [ 70%] Meshing surface 169 (Cylinder, Frontal-Delaunay)
Info    : [ 70%] Meshing surface 170 (Cylinder, Frontal-Delaunay)
Info    : [ 70%] Meshing surface 171 (Plane, Frontal-Delaunay)
Info    : [ 70%] Meshing surface 172 (Cylinder, Frontal-Delaunay)
Info    : [ 70%] Meshing surface 173 (Cylinder, Frontal-Delaunay)
Info    : [ 70%] Meshing surface 174 (Cylinder, Frontal-Delaunay)
Info    : [ 70%] Meshing surface 175 (Plane, Frontal-Delaunay)
Info    : [ 70%] Meshing surface 176 (Plane, Frontal-Delaunay)
Info    : [ 70%] Meshing surface 177 (Plane, Frontal-Delaunay)
Info    : [ 70%] Meshing surface 178 (Plane, Frontal-Delaunay)
Info    : [ 70%] Meshing surface 179 (Plane, Frontal-Delaunay)
Info    : [ 70%] Meshing surface 180 (Plane, Frontal-Delaunay)
Info    : [ 70%] Meshing surface 181 (Plane, Frontal-Delaunay)
Info    : [ 70%] Meshing surface 182 (Plane, Frontal-Delaunay)
Info    : [ 70%] Meshing surface 183 (Cylinder, Frontal-Delaunay)
Info    : [ 70%] Meshing surface 184 (Cylinder, Frontal-Delaunay)
Info    : [ 70%] Meshing surface 185 (Plane, Frontal-Delaunay)
Info    : [ 70%] Meshing surface 186 (Plane, Frontal-Delaunay)
Info    : [ 70%] Meshing surface 187 (Plane, Frontal-Delaunay)
Info    : [ 70%] Meshing surface 188 (Plane, Frontal-Delaunay)
Info    : [ 70%] Meshing surface 189 (Plane, Frontal-Delaunay)
Info    : [ 70%] Meshing surface 190 (Plane, Frontal-Delaunay)
Info    : [ 70%] Meshing surface 191 (Cylinder, Frontal-Delaunay)
Info    : [ 70%] Meshing surface 192 (Cylinder, Frontal-Delaunay)
Info    : [ 70%] Meshing surface 193 (Cylinder, Frontal-Delaunay)
Info    : [ 70%] Meshing surface 194 (Cylinder, Frontal-Delaunay)
Info    : [ 70%] Meshing surface 195 (Plane, Frontal-Delaunay)
Info    : [ 70%] Meshing surface 196 (Plane, Frontal-Delaunay)
Info    : [ 80%] Meshing surface 197 (Plane, Frontal-Delaunay)
Info    : [ 80%] Meshing surface 198 (Plane, Frontal-Delaunay)
Info    : [ 80%] Meshing surface 199 (Plane, Frontal-Delaunay)
Info    : [ 80%] Meshing surface 200 (Plane, Frontal-Delaunay)
Info    : [ 80%] Meshing surface 201 (Plane, Frontal-Delaunay)
Info    : [ 80%] Meshing surface 202 (Plane, Frontal-Delaunay)
Info    : [ 80%] Meshing surface 203 (Plane, Frontal-Delaunay)
Info    : [ 80%] Meshing surface 204 (Sphere, Frontal-Delaunay)
Info    : [ 80%] Meshing surface 205 (Plane, Frontal-Delaunay)
Info    : [ 80%] Meshing surface 206 (Plane, Frontal-Delaunay)
Info    : [ 80%] Meshing surface 207 (Plane, Frontal-Delaunay)
Info    : [ 80%] Meshing surface 208 (Plane, Frontal-Delaunay)
Info    : [ 80%] Meshing surface 209 (Plane, Frontal-Delaunay)
Info    : [ 80%] Meshing surface 210 (Plane, Frontal-Delaunay)
Info    : [ 80%] Meshing surface 211 (Cylinder, Frontal-Delaunay)
Info    : [ 80%] Meshing surface 212 (Cylinder, Frontal-Delaunay)
Info    : [ 80%] Meshing surface 213 (Cylinder, Frontal-Delaunay)
Info    : [ 80%] Meshing surface 214 (Plane, Frontal-Delaunay)
Info    : [ 80%] Meshing surface 215 (Cylinder, Frontal-Delaunay)
Info    : [ 80%] Meshing surface 216 (Cylinder, Frontal-Delaunay)
Info    : [ 80%] Meshing surface 217 (Cylinder, Frontal-Delaunay)
Info    : [ 80%] Meshing surface 218 (Plane, Frontal-Delaunay)
Info    : [ 80%] Meshing surface 219 (Plane, Frontal-Delaunay)
Info    : [ 80%] Meshing surface 220 (Plane, Frontal-Delaunay)
Info    : [ 80%] Meshing surface 221 (Plane, Frontal-Delaunay)
Info    : [ 80%] Meshing surface 222 (Plane, Frontal-Delaunay)
Info    : [ 80%] Meshing surface 223 (Plane, Frontal-Delaunay)
Info    : [ 80%] Meshing surface 224 (Plane, Frontal-Delaunay)
Info    : [ 90%] Meshing surface 225 (Cylinder, Frontal-Delaunay)
Info    : [ 90%] Meshing surface 226 (Cylinder, Frontal-Delaunay)
Info    : [ 90%] Meshing surface 227 (Plane, Frontal-Delaunay)
Info    : [ 90%] Meshing surface 228 (Plane, Frontal-Delaunay)
Info    : [ 90%] Meshing surface 229 (Plane, Frontal-Delaunay)
Info    : [ 90%] Meshing surface 230 (Cylinder, Frontal-Delaunay)
Info    : [ 90%] Meshing surface 231 (Plane, Frontal-Delaunay)
Info    : [ 90%] Meshing surface 232 (Cylinder, Frontal-Delaunay)
Info    : [ 90%] Meshing surface 233 (Cylinder, Frontal-Delaunay)
Info    : [ 90%] Meshing surface 234 (Plane, Frontal-Delaunay)
Info    : [ 90%] Meshing surface 235 (Plane, Frontal-Delaunay)
Info    : [ 90%] Meshing surface 236 (Plane, Frontal-Delaunay)
Info    : [ 90%] Meshing surface 237 (Cylinder, Frontal-Delaunay)
Info    : [ 90%] Meshing surface 238 (Plane, Frontal-Delaunay)
Info    : [ 90%] Meshing surface 239 (Cylinder, Frontal-Delaunay)
Info    : [ 90%] Meshing surface 240 (Plane, Frontal-Delaunay)
Info    : [ 90%] Meshing surface 241 (Plane, Frontal-Delaunay)
Info    : [ 90%] Meshing surface 242 (Cylinder, Frontal-Delaunay)
Info    : [ 90%] Meshing surface 243 (Cylinder, Frontal-Delaunay)
Info    : [ 90%] Meshing surface 244 (Cylinder, Frontal-Delaunay)
Info    : [ 90%] Meshing surface 245 (Cylinder, Frontal-Delaunay)
Info    : [ 90%] Meshing surface 246 (Plane, Frontal-Delaunay)
Info    : [ 90%] Meshing surface 247 (Plane, Frontal-Delaunay)
Info    : [ 90%] Meshing surface 248 (Plane, Frontal-Delaunay)
Info    : [ 90%] Meshing surface 249 (Cylinder, Frontal-Delaunay)
Info    : [ 90%] Meshing surface 250 (Plane, Frontal-Delaunay)
Info    : [ 90%] Meshing surface 251 (Plane, Frontal-Delaunay)
Info    : [ 90%] Meshing surface 252 (Plane, Frontal-Delaunay)
Info    : [100%] Meshing surface 253 (Plane, Frontal-Delaunay)
Info    : [100%] Meshing surface 254 (Plane, Frontal-Delaunay)
Info    : [100%] Meshing surface 255 (Plane, Frontal-Delaunay)
Info    : [100%] Meshing surface 256 (Plane, Frontal-Delaunay)
Info    : [100%] Meshing surface 257 (Plane, Frontal-Delaunay)
Info    : [100%] Meshing surface 258 (Cylinder, Frontal-Delaunay)
Info    : [100%] Meshing surface 259 (Cylinder, Frontal-Delaunay)
Info    : [100%] Meshing surface 260 (Plane, Frontal-Delaunay)
Info    : [100%] Meshing surface 261 (Plane, Frontal-Delaunay)
Info    : [100%] Meshing surface 262 (Cylinder, Frontal-Delaunay)
Info    : [100%] Meshing surface 263 (Cylinder, Frontal-Delaunay)
Info    : [100%] Meshing surface 264 (Cylinder, Frontal-Delaunay)
Info    : [100%] Meshing surface 265 (Cylinder, Frontal-Delaunay)
Info    : [100%] Meshing surface 266 (Plane, Frontal-Delaunay)
Info    : [100%] Meshing surface 267 (Plane, Frontal-Delaunay)
Info    : [100%] Meshing surface 268 (Plane, Frontal-Delaunay)
Info    : [100%] Meshing surface 269 (Cylinder, Frontal-Delaunay)
Info    : [100%] Meshing surface 270 (Plane, Frontal-Delaunay)
Info    : [100%] Meshing surface 271 (Plane, Frontal-Delaunay)
Info    : [100%] Meshing surface 272 (Plane, Frontal-Delaunay)
Info    : [100%] Meshing surface 273 (Cylinder, Frontal-Delaunay)
Info    : [100%] Meshing surface 274 (Cylinder, Frontal-Delaunay)
Info    : [100%] Meshing surface 275 (Plane, Frontal-Delaunay)
Info    : [100%] Meshing surface 276 (Plane, Frontal-Delaunay)
Info    : [100%] Meshing surface 277 (Plane, Frontal-Delaunay)
Info    : [100%] Meshing surface 278 (Cylinder, Frontal-Delaunay)
Info    : [100%] Meshing surface 279 (Plane, Frontal-Delaunay)
Info    : [100%] Meshing surface 280 (Plane, Frontal-Delaunay)
Info    : Done meshing 2D (Wall 2.90437s, CPU 2.8998s)
Info    : Meshing 3D...
Info    : 3D Meshing 7 volumes with 7 connected components
Info    : Tetrahedrizing 43 nodes...
Info    : Done tetrahedrizing 51 nodes (Wall 0.000521781s, CPU 0.000507s)
Info    : Reconstructing mesh...
Info    :  - Creating surface mesh
Info    :  - Identifying boundary edges
Info    :  - Recovering boundary
Info    : Done reconstructing mesh (Wall 0.00125679s, CPU 0.001222s)
Info    : Found volume 1
Info    : It. 0 - 0 nodes created - worst tet radius 0.937875 (nodes removed 0 0)
Info    : 3D refinement terminated (19424 nodes total):
Info    :  - 0 Delaunay cavities modified for star shapeness
Info    :  - 0 nodes could not be inserted
Info    :  - 86 tetrahedra created in 3.9744e-05 sec. (2163848 tets/s)
Info    : 0 node relocations
Info    : Tetrahedrizing 41 nodes...
Info    : Done tetrahedrizing 49 nodes (Wall 0.000473461s, CPU 0s)
Info    : Reconstructing mesh...
Info    :  - Creating surface mesh
Info    :  - Identifying boundary edges
Info    :  - Recovering boundary
Info    : Done reconstructing mesh (Wall 0.00113068s, CPU 0s)
Info    : Found volume 2
Info    : It. 0 - 0 nodes created - worst tet radius 0.949113 (nodes removed 0 0)
Info    : 3D refinement terminated (19424 nodes total):
Info    :  - 0 Delaunay cavities modified for star shapeness
Info    :  - 0 nodes could not be inserted
Info    :  - 80 tetrahedra created in 3.9955e-05 sec. (2002252 tets/s)
Info    : 0 node relocations
Info    : Tetrahedrizing 42 nodes...
Info    : Done tetrahedrizing 50 nodes (Wall 0.000556066s, CPU 0.000555s)
Info    : Reconstructing mesh...
Info    :  - Creating surface mesh
Info    :  - Identifying boundary edges
Info    :  - Recovering boundary
Info    : Done reconstructing mesh (Wall 0.00115875s, CPU 0.00116s)
Info    : Found volume 3
Info    : It. 0 - 0 nodes created - worst tet radius 1.01566 (nodes removed 0 0)
Info    : 3D refinement terminated (19425 nodes total):
Info    :  - 0 Delaunay cavities modified for star shapeness
Info    :  - 0 nodes could not be inserted
Info    :  - 86 tetrahedra created in 0.00511437 sec. (16815 tets/s)
Info    : 0 node relocations
Info    : Tetrahedrizing 42 nodes...
Info    : Done tetrahedrizing 50 nodes (Wall 0.000525626s, CPU 0.000525s)
Info    : Reconstructing mesh...
Info    :  - Creating surface mesh
Info    :  - Identifying boundary edges
Info    :  - Recovering boundary
Info    : Done reconstructing mesh (Wall 0.00108658s, CPU 0.001088s)
Info    : Found volume 4
Info    : It. 0 - 0 nodes created - worst tet radius 1.01566 (nodes removed 0 0)
Info    : 3D refinement terminated (19425 nodes total):
Info    :  - 0 Delaunay cavities modified for star shapeness
Info    :  - 0 nodes could not be inserted
Info    :  - 86 tetrahedra created in 0.00471433 sec. (18242 tets/s)
Info    : 0 node relocations
Info    : Tetrahedrizing 1915 nodes...
Info    : Done tetrahedrizing 1923 nodes (Wall 0.0318516s, CPU 0.031849s)
Info    : Reconstructing mesh...
Info    :  - Creating surface mesh
Info    :  - Identifying boundary edges
Info    :  - Recovering boundary
Info    : Done reconstructing mesh (Wall 0.0671973s, CPU 0.067148s)
Info    : Found volume 5
Info    : It. 0 - 0 nodes created - worst tet radius 2.18054 (nodes removed 0 0)
Info    : 3D refinement terminated (19545 nodes total):
Info    :  - 0 Delaunay cavities modified for star shapeness
Info    :  - 0 nodes could not be inserted
Info    :  - 5924 tetrahedra created in 0.0189638 sec. (312385 tets/s)
Info    : 0 node relocations
Info    : Tetrahedrizing 17223 nodes...
Info    : Done tetrahedrizing 17231 nodes (Wall 0.361526s, CPU 0.353466s)
Info    : Reconstructing mesh...
Info    :  - Creating surface mesh
Info    : Found two duplicated facets.
Info    :   1st: [1860, 9790, 9813] #144
Info    :   2nd: [1860, 9790, 9813] #144
Error   : Invalid boundary mesh (overlapping facets) on surface 144 surface 144
Generating mesh for violin_body.step -> violin_body.msh
Traceback (most recent call last):
  File "/app/mesh/mesher.py", line 41, in <module>
    generate_mesh(step_input, mesh_output)
  File "/app/mesh/mesher.py", line 24, in generate_mesh
    gmsh.model.mesh.generate(3)
  File "/app/.venv/lib/python3.12/site-packages/gmsh.py", line 2189, in generate
    raise Exception(logger.getLastError())
Exception: Invalid boundary mesh (overlapping facets) on surface 144 surface 144
[W 2026-06-17 07:38:52,600] Trial 0 failed with parameters: {'length': 340.8859591872449, 'lower_bout': 217.13735787612515, 'upper_bout': 168.23862656757478, 'c_bout': 113.85524753556761, 'top_thickness': 5.52168882107887, 'back_thickness': 5.6070236451250315, 'rib_thickness': 5.121567445003205, 'top_arch_height': 10.3732523718067, 'back_arch_height': 11.027265529820049, 'rib_height': 33.44979188013224, 'f_hole_length': 89.40872084778167, 'f_hole_spacing': 84.65055455491127, 'f_hole_width': 9.533641908854703, 'f_hole_thickness': 4.5703696003947, 'f_hole_profile': 'classic', 'f_hole_top_radius': 3.2625040978679496, 'f_hole_bottom_radius': 4.568916438604309, 'f_hole_x_offset': 11.805237124049238, 'f_hole_y_offset': 2.4518184352713845, 'f_hole_angle': 82.77967453394196, 'neck_length': 133.4418586372292, 'neck_width_top': 23.492408244853888, 'neck_width_bottom': 39.956589191301816, 'neck_thickness': 28.59830405157695, 'neck_angle': 5.226009431078588, 'bridge_width_bottom': 36.43951489981184, 'bridge_width_top': 28.539373881756582, 'bridge_height': 38.00935665767182, 'bridge_thickness': 4.557562426129806, 'bridge_radius': 18.59858822504637, 'bridge_inner_curve_radius': 7.786497150155177, 'bridge_side_cutout_radius': 8.110176165508067, 'bridge_cutout_radius': 3.83967126123816, 'bridge_cutout_y_offset': 8.585644854615037, 'bridge_central_cutout': False, 'bridge_central_cutout_radius': 2.507227241314315, 'bridge_central_cutout_y_offset': 23.426771871205858, 'bridge_foot_length': 14.929406890112917, 'bridge_foot_width': 6.182117531108573, 'bridge_foot_height': 5.756440445684749, 'bridge_foot_cutout_width': 2.781316287572383, 'bridge_foot_cutout_height': 3.0619994489910454, 'bridge_cutouts': True, 'bridge_y_offset': -16.52232291347033, 'soundpost_radius': 3.1314251864134106, 'soundpost_x_offset': 15.58872872199381, 'soundpost_y_offset': -20.92915173095583, 'bass_bar_length': 181.71073657631246, 'bass_bar_width': 3.493721100117239, 'bass_bar_height': 11.487577076143706, 'bass_bar_x_offset': -5.624559056396478, 'bass_bar_y_offset': -13.220235833984875, 'bass_bar_angle': 3.3313030423212595, 'tailpiece_length': 115.99018088899331, 'tailpiece_width_top': 43.21001629732979, 'tailpiece_width_bottom': 17.909312321544316, 'tailpiece_thickness': 7.3823275848903425, 'tailpiece_y_offset': -3.791647278098882, 'purfling_groove_depth': 1.174753495850726, 'purfling_groove_width': 1.7654462518466336, 'purfling_groove_offset': 3.9053702445347973, 'fingerboard_length': 269.6672689173198, 'fingerboard_width_top': 25.81445018861836, 'fingerboard_width_bottom': 43.048328069275065, 'fingerboard_thickness': 6.538480430995833, 'fingerboard_radius': 57.554975470367005, 'fingerboard_end_shape': 'curve', 'pegbox_length': 68.89325658372714, 'pegbox_width': 25.072411407332833, 'pegbox_depth': 21.882761641590132, 'pegbox_thickness': 5.123249898321317, 'pegbox_angle': 13.030693100914357, 'peg_hole_radius': 2.7666408493392582, 'peg_spacing': 15.64335228568974, 'peg_length': 39.29303113276947, 'peg_width': 22.29055363719111, 'peg_head_length': 25.675063732181602, 'peg_head_thickness': 4.078442898525292, 'endpin_length': 22.915682926555565, 'endpin_radius': 3.3301787872551603, 'nut_length': 7.390873590122079, 'nut_width': 24.945058157207903, 'nut_height': 6.614212162508291, 'saddle_length': 4.698092388510287, 'saddle_width': 29.34190665699888, 'saddle_height': 7.162384896268, 'scroll_radius': 8.905596636007981, 'scroll_width': 19.33461668833049, 'chinrest_x_offset': -55.58013399972617, 'chinrest_y_offset': -140.4929173254713, 'chinrest_width': 76.62151023384048, 'chinrest_length': 50.109338744242194, 'chinrest_height': 16.41966421336828, 'fine_tuner_radius': 2.4593703432886267, 'fine_tuner_height': 14.93770714145909, 'fine_tuner_y_offset': -1.7403663986246283, 'chinrest_cutout_radius': 56.53142868674584, 'chinrest_cutout_depth': 4.063022904815949, 'c_bout_cutout_radius': 36.37993032478955, 'top_block_width': 57.221407276547424, 'top_block_length': 16.385860232963637, 'bottom_block_width': 34.29773047811458, 'bottom_block_length': 25.90213386906626, 'corner_block_width': 23.274971504487844, 'corner_block_length': 24.470024517799846} because of the following error: CalledProcessError(1, ['python3', 'mesh/mesher.py']).
Traceback (most recent call last):
  File "/app/.venv/lib/python3.12/site-packages/optuna/study/_optimize.py", line 206, in _run_trial
    value_or_values = func(trial)
                      ^^^^^^^^^^^
  File "/app/opt/optimize.py", line 27, in objective
    subprocess.run(["python3", "mesh/mesher.py"], check=True)
  File "/home/jules/.pyenv/versions/3.12.13/lib/python3.12/subprocess.py", line 571, in run
    raise CalledProcessError(retcode, process.args,
subprocess.CalledProcessError: Command '['python3', 'mesh/mesher.py']' returned non-zero exit status 1.
[W 2026-06-17 07:38:52,602] Trial 0 failed with value None.

--- Starting Trial 0 ---
Params: length=340.8859591872449, lower_bout=217.13735787612515, upper_bout=168.23862656757478, c_bout=113.85524753556761, top_thickness=5.52168882107887, back_thickness=5.6070236451250315, rib_thickness=5.121567445003205, top_arch_height=10.3732523718067, back_arch_height=11.027265529820049, rib_height=33.44979188013224, f_hole_length=89.40872084778167, f_hole_spacing=84.65055455491127, f_hole_width=9.533641908854703, f_hole_thickness=4.5703696003947, f_hole_profile=classic, f_hole_top_radius=3.2625040978679496, f_hole_bottom_radius=4.568916438604309, f_hole_x_offset=11.805237124049238, f_hole_y_offset=2.4518184352713845, f_hole_angle=82.77967453394196, neck_length=133.4418586372292, neck_width_top=23.492408244853888, neck_width_bottom=39.956589191301816, neck_thickness=28.59830405157695, neck_angle=5.226009431078588, bridge_width_bottom=36.43951489981184, bridge_width_top=28.539373881756582, bridge_height=38.00935665767182, bridge_thickness=4.557562426129806, bridge_radius=18.59858822504637, bridge_inner_curve_radius=7.786497150155177, bridge_side_cutout_radius=8.110176165508067, bridge_cutout_radius=3.83967126123816, bridge_cutout_y_offset=8.585644854615037, bridge_central_cutout=False, bridge_central_cutout_radius=2.507227241314315, bridge_central_cutout_y_offset=23.426771871205858, bridge_foot_length=14.929406890112917, bridge_foot_width=6.182117531108573, bridge_foot_height=5.756440445684749, bridge_foot_cutout_width=2.781316287572383, bridge_foot_cutout_height=3.0619994489910454, bridge_cutouts=True, bridge_y_offset=-16.52232291347033, soundpost_radius=3.1314251864134106, soundpost_x_offset=15.58872872199381, soundpost_y_offset=-20.92915173095583, bass_bar_length=181.71073657631246, bass_bar_width=3.493721100117239, bass_bar_height=11.487577076143706, bass_bar_x_offset=-5.624559056396478, bass_bar_y_offset=-13.220235833984875, bass_bar_angle=3.3313030423212595, tailpiece_length=115.99018088899331, tailpiece_width_top=43.21001629732979, tailpiece_width_bottom=17.909312321544316, tailpiece_thickness=7.3823275848903425, tailpiece_y_offset=-3.791647278098882, purfling_groove_depth=1.174753495850726, purfling_groove_width=1.7654462518466336, purfling_groove_offset=3.9053702445347973, fingerboard_length=269.6672689173198, fingerboard_width_top=25.81445018861836, fingerboard_width_bottom=43.048328069275065, fingerboard_thickness=6.538480430995833, fingerboard_radius=57.554975470367005, fingerboard_end_shape=curve, pegbox_length=68.89325658372714, pegbox_width=25.072411407332833, pegbox_depth=21.882761641590132, pegbox_thickness=5.123249898321317, pegbox_angle=13.030693100914357, peg_hole_radius=2.7666408493392582, peg_spacing=15.64335228568974, peg_length=39.29303113276947, peg_width=22.29055363719111, peg_head_length=25.675063732181602, peg_head_thickness=4.078442898525292, endpin_length=22.915682926555565, endpin_radius=3.3301787872551603, nut_length=7.390873590122079, nut_width=24.945058157207903, nut_height=6.614212162508291, saddle_length=4.698092388510287, saddle_width=29.34190665699888, saddle_height=7.162384896268, scroll_radius=8.905596636007981, scroll_width=19.33461668833049, chinrest_x_offset=-55.58013399972617, chinrest_y_offset=-140.4929173254713, chinrest_width=76.62151023384048, chinrest_length=50.109338744242194, chinrest_height=16.41966421336828, fine_tuner_radius=2.4593703432886267, fine_tuner_height=14.93770714145909, fine_tuner_y_offset=-1.7403663986246283, chinrest_cutout_radius=56.53142868674584, chinrest_cutout_depth=4.063022904815949, c_bout_cutout_radius=36.37993032478955, top_block_width=57.221407276547424, top_block_length=16.385860232963637, bottom_block_width=34.29773047811458, bottom_block_length=25.90213386906626, corner_block_width=23.274971504487844, corner_block_length=24.470024517799846
Traceback (most recent call last):
  File "/app/opt/optimize.py", line 44, in <module>
    study.optimize(objective, n_trials=3)
  File "/app/.venv/lib/python3.12/site-packages/optuna/study/study.py", line 516, in optimize
    _optimize(
  File "/app/.venv/lib/python3.12/site-packages/optuna/study/_optimize.py", line 68, in _optimize
    _optimize_sequential(
  File "/app/.venv/lib/python3.12/site-packages/optuna/study/_optimize.py", line 165, in _optimize_sequential
    frozen_trial_id = _run_trial(study, func, catch)
                      ^^^^^^^^^^^^^^^^^^^^^^^^^^^^^^
  File "/app/.venv/lib/python3.12/site-packages/optuna/study/_optimize.py", line 263, in _run_trial
    raise func_err
  File "/app/.venv/lib/python3.12/site-packages/optuna/study/_optimize.py", line 206, in _run_trial
    value_or_values = func(trial)
                      ^^^^^^^^^^^
  File "/app/opt/optimize.py", line 27, in objective
    subprocess.run(["python3", "mesh/mesher.py"], check=True)
  File "/home/jules/.pyenv/versions/3.12.13/lib/python3.12/subprocess.py", line 571, in run
    raise CalledProcessError(retcode, process.args,
subprocess.CalledProcessError: Command '['python3', 'mesh/mesher.py']' returned non-zero exit status 1.
